{"timestamp":"2025-10-26T20:55:06.750Z","method":"GET","url":"/api/health","ip":"::1","userAgent":"Mozilla/5.0 (Windows NT; Windows NT 10.0; en-US) WindowsPowerShell/5.1.26100.6899","headers":{}}
{"timestamp":"2025-10-26T20:57:37.964Z","method":"GET","url":"/api/health","ip":"::1","userAgent":"Mozilla/5.0 (Windows NT; Windows NT 10.0; en-US) WindowsPowerShell/5.1.26100.6899","headers":{}}
{"timestamp":"2025-10-26T20:59:09.992Z","method":"POST","url":"/api/ai/chat","ip":"::1","userAgent":"Mozilla/5.0 (Windows NT; Windows NT 10.0; en-US) WindowsPowerShell/5.1.26100.6899","headers":{"content-type":"application/json","authorization":"[REDACTED]"}}
{"timestamp":"2025-10-26T20:59:17.395Z","method":"POST","url":"/api/auth/signin","ip":"::1","userAgent":"Mozilla/5.0 (Windows NT; Windows NT 10.0; en-US) WindowsPowerShell/5.1.26100.6899","headers":{"content-type":"application/json"}}
{"timestamp":"2025-10-26T20:59:43.043Z","method":"POST","url":"/api/auth/signin","ip":"::1","userAgent":"Mozilla/5.0 (Windows NT; Windows NT 10.0; en-US) WindowsPowerShell/5.1.26100.6899","headers":{"content-type":"application/json"}}
{"timestamp":"2025-10-26T21:00:45.581Z","method":"POST","url":"/api/auth/signin","ip":"::1","userAgent":"Mozilla/5.0 (Windows NT; Windows NT 10.0; en-US) WindowsPowerShell/5.1.26100.6899","headers":{"content-type":"application/json"}}
{"timestamp":"2025-10-26T21:02:02.957Z","method":"POST","url":"/api/auth/signin","ip":"::1","userAgent":"Mozilla/5.0 (Windows NT; Windows NT 10.0; en-US) WindowsPowerShell/5.1.26100.6899","headers":{"content-type":"application/json"}}
{"timestamp":"2025-10-26T21:02:47.693Z","method":"POST","url":"/api/auth/signin","ip":"::1","userAgent":"Mozilla/5.0 (Windows NT; Windows NT 10.0; en-US) WindowsPowerShell/5.1.26100.6899","headers":{"content-type":"application/json"}}
{"timestamp":"2025-10-26T21:03:17.574Z","method":"POST","url":"/api/auth/signin","ip":"::1","userAgent":"Mozilla/5.0 (Windows NT; Windows NT 10.0; en-US) WindowsPowerShell/5.1.26100.6899","headers":{"content-type":"application/json"}}
{"timestamp":"2025-10-26T21:06:47.284Z","method":"GET","url":"/api/health","ip":"::1","userAgent":"Mozilla/5.0 (Windows NT; Windows NT 10.0; en-US) WindowsPowerShell/5.1.26100.6899","headers":{}}
{"timestamp":"2025-10-26T21:06:58.534Z","method":"POST","url":"/api/auth/signin","ip":"::1","userAgent":"Mozilla/5.0 (Windows NT; Windows NT 10.0; en-US) WindowsPowerShell/5.1.26100.6899","headers":{"content-type":"application/json"}}
{"timestamp":"2025-10-26T21:07:45.429Z","method":"POST","url":"/api/auth/signin","ip":"::1","userAgent":"Mozilla/5.0 (Windows NT; Windows NT 10.0; en-US) WindowsPowerShell/5.1.26100.6899","headers":{"content-type":"application/json"}}
{"timestamp":"2025-10-26T21:08:41.226Z","method":"POST","url":"/api/auth/signin","ip":"::1","userAgent":"Mozilla/5.0 (Windows NT; Windows NT 10.0; en-US) WindowsPowerShell/5.1.26100.6899","headers":{"content-type":"application/json"}}
{"timestamp":"2025-10-26T21:09:56.355Z","method":"POST","url":"/api/auth/signin","ip":"::1","userAgent":"Mozilla/5.0 (Windows NT; Windows NT 10.0; en-US) WindowsPowerShell/5.1.26100.6899","headers":{"content-type":"application/json"}}
{"timestamp":"2025-10-26T21:10:35.371Z","method":"POST","url":"/api/auth/signin","ip":"::1","userAgent":"Mozilla/5.0 (Windows NT; Windows NT 10.0; en-US) WindowsPowerShell/5.1.26100.6899","headers":{"content-type":"application/json"}}
{"timestamp":"2025-10-26T21:11:24.455Z","method":"POST","url":"/api/auth/signin","ip":"::1","userAgent":"Mozilla/5.0 (Windows NT; Windows NT 10.0; en-US) WindowsPowerShell/5.1.26100.6899","headers":{"content-type":"application/json"}}
{"timestamp":"2025-10-26T21:13:10.870Z","method":"GET","url":"/api/health","ip":"::1","userAgent":"Mozilla/5.0 (Windows NT; Windows NT 10.0; en-US) WindowsPowerShell/5.1.26100.6899","headers":{}}
{"timestamp":"2025-10-26T21:13:19.940Z","method":"POST","url":"/api/auth/check-email","ip":"::1","userAgent":"Mozilla/5.0 (Windows NT; Windows NT 10.0; en-US) WindowsPowerShell/5.1.26100.6899","headers":{"content-type":"application/json"}}
{"timestamp":"2025-10-26T21:13:27.010Z","method":"POST","url":"/api/auth/check-email","ip":"::1","userAgent":"Mozilla/5.0 (Windows NT; Windows NT 10.0; en-US) WindowsPowerShell/5.1.26100.6899","headers":{"content-type":"application/json"}}
{"timestamp":"2025-10-26T21:13:42.943Z","method":"POST","url":"/api/auth/signup","ip":"::1","userAgent":"Mozilla/5.0 (Windows NT; Windows NT 10.0; en-US) WindowsPowerShell/5.1.26100.6899","headers":{"content-type":"application/json"}}
{"timestamp":"2025-10-26T21:13:49.917Z","method":"POST","url":"/api/auth/signup","ip":"::1","userAgent":"Mozilla/5.0 (Windows NT; Windows NT 10.0; en-US) WindowsPowerShell/5.1.26100.6899","headers":{"content-type":"application/json"}}
{"timestamp":"2025-10-26T21:13:57.277Z","method":"POST","url":"/api/auth/signin","ip":"::1","userAgent":"Mozilla/5.0 (Windows NT; Windows NT 10.0; en-US) WindowsPowerShell/5.1.26100.6899","headers":{"content-type":"application/json"}}
{"timestamp":"2025-10-26T21:14:05.485Z","method":"GET","url":"/api/user/profile","ip":"::1","userAgent":"Mozilla/5.0 (Windows NT; Windows NT 10.0; en-US) WindowsPowerShell/5.1.26100.6899","headers":{"authorization":"[REDACTED]"}}
{"timestamp":"2025-10-26T21:14:13.391Z","method":"POST","url":"/api/ai/chat","ip":"::1","userAgent":"Mozilla/5.0 (Windows NT; Windows NT 10.0; en-US) WindowsPowerShell/5.1.26100.6899","headers":{"content-type":"application/json","authorization":"[REDACTED]"}}
{"timestamp":"2025-10-26T21:14:27.189Z","method":"POST","url":"/api/ai/calculate-budget","ip":"::1","userAgent":"Mozilla/5.0 (Windows NT; Windows NT 10.0; en-US) WindowsPowerShell/5.1.26100.6899","headers":{"content-type":"application/json","authorization":"[REDACTED]"}}
{"timestamp":"2025-10-26T21:14:41.720Z","method":"POST","url":"/api/ai/calculate/budget","ip":"::1","userAgent":"Mozilla/5.0 (Windows NT; Windows NT 10.0; en-US) WindowsPowerShell/5.1.26100.6899","headers":{"content-type":"application/json","authorization":"[REDACTED]"}}
{"timestamp":"2025-10-26T21:14:57.483Z","method":"POST","url":"/api/ai/calculate/savings-goal","ip":"::1","userAgent":"Mozilla/5.0 (Windows NT; Windows NT 10.0; en-US) WindowsPowerShell/5.1.26100.6899","headers":{"content-type":"application/json","authorization":"[REDACTED]"}}
{"timestamp":"2025-10-26T21:15:05.804Z","method":"POST","url":"/api/ai/calculate/loan","ip":"::1","userAgent":"Mozilla/5.0 (Windows NT; Windows NT 10.0; en-US) WindowsPowerShell/5.1.26100.6899","headers":{"content-type":"application/json","authorization":"[REDACTED]"}}
{"timestamp":"2025-10-26T21:15:16.237Z","method":"GET","url":"/api/user/stats","ip":"::1","userAgent":"Mozilla/5.0 (Windows NT; Windows NT 10.0; en-US) WindowsPowerShell/5.1.26100.6899","headers":{"authorization":"[REDACTED]"}}
{"timestamp":"2025-10-26T21:15:27.708Z","method":"POST","url":"/api/auth/logout","ip":"::1","userAgent":"Mozilla/5.0 (Windows NT; Windows NT 10.0; en-US) WindowsPowerShell/5.1.26100.6899","headers":{"content-type":"application/x-www-form-urlencoded","authorization":"[REDACTED]"}}
{"timestamp":"2025-10-26T21:21:02.360Z","method":"GET","url":"/api/health","ip":"::1","userAgent":"Mozilla/5.0 (Windows NT; Windows NT 10.0; en-US) WindowsPowerShell/5.1.26100.6899","headers":{}}
{"timestamp":"2025-10-26T21:21:11.860Z","method":"POST","url":"/api/auth/check-email","ip":"::1","userAgent":"Mozilla/5.0 (Windows NT; Windows NT 10.0; en-US) WindowsPowerShell/5.1.26100.6899","headers":{"content-type":"application/json"}}
{"timestamp":"2025-10-26T21:21:20.225Z","method":"POST","url":"/api/auth/signin","ip":"::1","userAgent":"Mozilla/5.0 (Windows NT; Windows NT 10.0; en-US) WindowsPowerShell/5.1.26100.6899","headers":{"content-type":"application/json"}}
{"timestamp":"2025-10-26T21:21:30.442Z","method":"GET","url":"/api/user/stats","ip":"::1","userAgent":"Mozilla/5.0 (Windows NT; Windows NT 10.0; en-US) WindowsPowerShell/5.1.26100.6899","headers":{"authorization":"[REDACTED]"}}
{"timestamp":"2025-10-26T21:21:42.511Z","method":"POST","url":"/api/ai/chat","ip":"::1","userAgent":"Mozilla/5.0 (Windows NT; Windows NT 10.0; en-US) WindowsPowerShell/5.1.26100.6899","headers":{"content-type":"application/json","authorization":"[REDACTED]"}}
{"timestamp":"2025-10-26T21:21:55.828Z","method":"POST","url":"/api/ai/calculate/budget","ip":"::1","userAgent":"Mozilla/5.0 (Windows NT; Windows NT 10.0; en-US) WindowsPowerShell/5.1.26100.6899","headers":{"content-type":"application/json","authorization":"[REDACTED]"}}
{"timestamp":"2025-10-26T21:22:08.271Z","method":"POST","url":"/api/ai/calculate/savings-goal","ip":"::1","userAgent":"Mozilla/5.0 (Windows NT; Windows NT 10.0; en-US) WindowsPowerShell/5.1.26100.6899","headers":{"content-type":"application/json","authorization":"[REDACTED]"}}
{"timestamp":"2025-10-26T21:22:18.656Z","method":"POST","url":"/api/ai/calculate/loan","ip":"::1","userAgent":"Mozilla/5.0 (Windows NT; Windows NT 10.0; en-US) WindowsPowerShell/5.1.26100.6899","headers":{"content-type":"application/json","authorization":"[REDACTED]"}}
{"timestamp":"2025-10-26T21:22:37.316Z","method":"POST","url":"/api/auth/logout","ip":"::1","userAgent":"Mozilla/5.0 (Windows NT; Windows NT 10.0; en-US) WindowsPowerShell/5.1.26100.6899","headers":{"content-type":"application/x-www-form-urlencoded","authorization":"[REDACTED]"}}
{"timestamp":"2025-10-26T21:22:46.842Z","method":"POST","url":"/api/auth/check-email","ip":"::1","userAgent":"Mozilla/5.0 (Windows NT; Windows NT 10.0; en-US) WindowsPowerShell/5.1.26100.6899","headers":{"content-type":"application/json"}}
{"timestamp":"2025-10-26T21:22:55.132Z","method":"GET","url":"/api/user/stats","ip":"::1","userAgent":"Mozilla/5.0 (Windows NT; Windows NT 10.0; en-US) WindowsPowerShell/5.1.26100.6899","headers":{"authorization":"[REDACTED]"}}
