{"timestamp":"2025-10-26T20:55:06.793Z","method":"GET","url":"/api/health","statusCode":200,"duration":"43ms","ip":"::1"}
{"timestamp":"2025-10-26T20:57:37.984Z","method":"GET","url":"/api/health","statusCode":200,"duration":"20ms","ip":"::1"}
{"timestamp":"2025-10-26T20:59:10.043Z","method":"POST","url":"/chat","statusCode":401,"duration":"51ms","ip":"::1"}
{"timestamp":"2025-10-26T20:59:18.052Z","method":"POST","url":"/signin","statusCode":401,"duration":"657ms","ip":"::1"}
{"timestamp":"2025-10-26T20:59:44.302Z","method":"POST","url":"/signin","statusCode":401,"duration":"1259ms","ip":"::1"}
{"timestamp":"2025-10-26T21:00:46.088Z","method":"POST","url":"/signin","statusCode":401,"duration":"507ms","ip":"::1"}
{"timestamp":"2025-10-26T21:02:03.511Z","method":"POST","url":"/signin","statusCode":401,"duration":"554ms","ip":"::1"}
{"timestamp":"2025-10-26T21:02:48.182Z","method":"POST","url":"/signin","statusCode":401,"duration":"489ms","ip":"::1"}
{"timestamp":"2025-10-26T21:03:18.057Z","method":"POST","url":"/signin","statusCode":200,"duration":"483ms","ip":"::1"}
{"timestamp":"2025-10-26T21:06:47.315Z","method":"GET","url":"/api/health","statusCode":200,"duration":"31ms","ip":"::1"}
{"timestamp":"2025-10-26T21:06:59.335Z","method":"POST","url":"/signin","statusCode":401,"duration":"801ms","ip":"::1"}
{"timestamp":"2025-10-26T21:07:45.973Z","method":"POST","url":"/signin","statusCode":401,"duration":"544ms","ip":"::1"}
{"timestamp":"2025-10-26T21:08:42.338Z","method":"POST","url":"/signin","statusCode":401,"duration":"1112ms","ip":"::1"}
{"timestamp":"2025-10-26T21:09:56.941Z","method":"POST","url":"/signin","statusCode":401,"duration":"586ms","ip":"::1"}
{"timestamp":"2025-10-26T21:10:35.915Z","method":"POST","url":"/signin","statusCode":401,"duration":"544ms","ip":"::1"}
{"timestamp":"2025-10-26T21:11:25.122Z","method":"POST","url":"/signin","statusCode":200,"duration":"667ms","ip":"::1"}
{"timestamp":"2025-10-26T21:13:10.879Z","method":"GET","url":"/api/health","statusCode":200,"duration":"9ms","ip":"::1"}
{"timestamp":"2025-10-26T21:13:20.041Z","method":"POST","url":"/check-email","statusCode":200,"duration":"101ms","ip":"::1"}
{"timestamp":"2025-10-26T21:13:27.030Z","method":"POST","url":"/check-email","statusCode":200,"duration":"20ms","ip":"::1"}
{"timestamp":"2025-10-26T21:13:42.983Z","method":"POST","url":"/signup","statusCode":400,"duration":"40ms","ip":"::1"}
{"timestamp":"2025-10-26T21:13:50.410Z","method":"POST","url":"/signup","statusCode":201,"duration":"493ms","ip":"::1"}
{"timestamp":"2025-10-26T21:13:57.669Z","method":"POST","url":"/signin","statusCode":200,"duration":"392ms","ip":"::1"}
{"timestamp":"2025-10-26T21:14:05.505Z","method":"GET","url":"/profile","statusCode":200,"duration":"20ms","ip":"::1"}
{"timestamp":"2025-10-26T21:14:13.402Z","method":"POST","url":"/chat","statusCode":200,"duration":"11ms","ip":"::1"}
{"timestamp":"2025-10-26T21:14:27.206Z","method":"POST","url":"/","statusCode":404,"duration":"17ms","ip":"::1"}
{"timestamp":"2025-10-26T21:14:42.085Z","method":"POST","url":"/calculate/budget","statusCode":200,"duration":"365ms","ip":"::1"}
{"timestamp":"2025-10-26T21:14:57.512Z","method":"POST","url":"/calculate/savings-goal","statusCode":200,"duration":"29ms","ip":"::1"}
{"timestamp":"2025-10-26T21:15:05.817Z","method":"POST","url":"/calculate/loan","statusCode":200,"duration":"13ms","ip":"::1"}
{"timestamp":"2025-10-26T21:15:16.264Z","method":"GET","url":"/stats","statusCode":200,"duration":"27ms","ip":"::1"}
{"timestamp":"2025-10-26T21:15:27.720Z","method":"POST","url":"/logout","statusCode":200,"duration":"12ms","ip":"::1"}
{"timestamp":"2025-10-26T21:21:02.448Z","method":"GET","url":"/api/health","statusCode":200,"duration":"88ms","ip":"::1"}
{"timestamp":"2025-10-26T21:21:12.135Z","method":"POST","url":"/check-email","statusCode":200,"duration":"275ms","ip":"::1"}
{"timestamp":"2025-10-26T21:21:21.149Z","method":"POST","url":"/signin","statusCode":200,"duration":"922ms","ip":"::1"}
{"timestamp":"2025-10-26T21:21:30.479Z","method":"GET","url":"/stats","statusCode":200,"duration":"37ms","ip":"::1"}
{"timestamp":"2025-10-26T21:21:43.405Z","method":"POST","url":"/chat","statusCode":200,"duration":"894ms","ip":"::1"}
{"timestamp":"2025-10-26T21:21:55.973Z","method":"POST","url":"/calculate/budget","statusCode":200,"duration":"145ms","ip":"::1"}
{"timestamp":"2025-10-26T21:22:08.294Z","method":"POST","url":"/calculate/savings-goal","statusCode":200,"duration":"23ms","ip":"::1"}
{"timestamp":"2025-10-26T21:22:18.675Z","method":"POST","url":"/calculate/loan","statusCode":200,"duration":"19ms","ip":"::1"}
{"timestamp":"2025-10-26T21:22:37.340Z","method":"POST","url":"/logout","statusCode":200,"duration":"24ms","ip":"::1"}
{"timestamp":"2025-10-26T21:22:46.852Z","method":"POST","url":"/check-email","statusCode":400,"duration":"10ms","ip":"::1"}
{"timestamp":"2025-10-26T21:22:55.138Z","method":"GET","url":"/stats","statusCode":401,"duration":"6ms","ip":"::1"}
{"timestamp":"2025-10-26T21:56:42.234Z","method":"GET","url":"/api/health","statusCode":200,"duration":"16ms","ip":"::1"}
